<?xml version="1.0" encoding="UTF-8"?>
<!-- Generated by org.testng.reporters.JUnitReportReporter -->
<testsuite hostname="DESKTOP-MDUOTHM" failures="0" tests="6" name="testCases.TC03_LoginDataDrivenTest" time="107.837" errors="0" timestamp="2023-06-20T21:55:00 AST" skipped="0">
  <testcase classname="testCases.TC03_LoginDataDrivenTest" name="test_LoginDD" time="4.884"/>
  <system-out/>
  <testcase classname="testCases.TC03_LoginDataDrivenTest" name="test_LoginDD" time="28.749"/>
  <system-out/>
  <testcase classname="testCases.TC03_LoginDataDrivenTest" name="test_LoginDD" time="21.865"/>
  <system-out/>
  <testcase classname="testCases.TC03_LoginDataDrivenTest" name="test_LoginDD" time="5.602"/>
  <system-out/>
  <testcase classname="testCases.TC03_LoginDataDrivenTest" name="test_LoginDD" time="24.746"/>
  <system-out/>
  <testcase classname="testCases.TC03_LoginDataDrivenTest" name="test_LoginDD" time="21.991"/>
  <system-out/>
</testsuite> <!-- testCases.TC03_LoginDataDrivenTest -->
