<?xml version="1.0" encoding="UTF-8"?>
<!-- Generated by org.testng.reporters.JUnitReportReporter -->
<testsuite hostname="DESKTOP-MDUOTHM" failures="0" tests="1" name="testCases.TC05_AddToCartPageTest" time="46.719" errors="0" timestamp="2023-06-26T22:10:59 AST" skipped="0">
  <testcase classname="testCases.TC05_AddToCartPageTest" name="test_addToCart" time="46.719"/>
  <system-out/>
</testsuite> <!-- testCases.TC05_AddToCartPageTest -->
