<?xml version="1.0" encoding="UTF-8"?>
<!-- Generated by org.testng.reporters.JUnitReportReporter -->
<testsuite hostname="DESKTOP-MDUOTHM" failures="0" tests="1" name="testCases.TC04_SearchProduct" time="2.856" errors="0" timestamp="2023-06-26T22:10:59 AST" skipped="0">
  <testcase classname="testCases.TC04_SearchProduct" name="searchProd_Test" time="2.856"/>
  <system-out/>
</testsuite> <!-- testCases.TC04_SearchProduct -->
