<?xml version="1.0" encoding="UTF-8"?>
<!-- Generated by org.testng.reporters.JUnitReportReporter -->
<testsuite hostname="DESKTOP-MDUOTHM" failures="0" tests="1" name="testCases.TC02_LoginTest" time="11.692" errors="0" timestamp="2023-06-21T10:24:21 AST" skipped="0">
  <testcase classname="testCases.TC02_LoginTest" name="test_Login" time="11.692"/>
  <system-out/>
</testsuite> <!-- testCases.TC02_LoginTest -->
