<?xml version="1.0" encoding="UTF-8"?>
<!-- Generated by org.testng.reporters.JUnitReportReporter -->
<testsuite hostname="DESKTOP-MDUOTHM" failures="0" tests="1" name="testCases.TC06_EndToEndTest" time="45.713" errors="0" timestamp="2023-06-26T21:59:46 AST" skipped="0">
  <testcase classname="testCases.TC06_EndToEndTest" name="test_EndToEnd" time="45.713"/>
  <system-out/>
</testsuite> <!-- testCases.TC06_EndToEndTest -->
