<?xml version="1.0" encoding="UTF-8"?>
<!-- Generated by org.testng.reporters.JUnitReportReporter -->
<testsuite hostname="DESKTOP-MDUOTHM" failures="0" tests="1" name="testCases.TC03_LoginDataDrivenTest" time="0.000" errors="0" timestamp="2023-06-26T22:13:29 AST" skipped="1">
  <testcase classname="testCases.TC03_LoginDataDrivenTest" name="test_LoginDD" time="0.000">
    <skipped/>
  </testcase> <!-- test_LoginDD -->
  <system-out/>
</testsuite> <!-- testCases.TC03_LoginDataDrivenTest -->
