<?xml version="1.0" encoding="UTF-8"?>
<!-- Generated by org.testng.reporters.JUnitReportReporter -->
<testsuite hostname="DESKTOP-MDUOTHM" failures="0" tests="1" name="testCases.TC01_AccountRegistrationTest" time="8.517" errors="0" timestamp="2023-06-26T22:10:59 AST" skipped="0">
  <testcase classname="testCases.TC01_AccountRegistrationTest" name="test_accnt_reg" time="8.517"/>
  <system-out/>
</testsuite> <!-- testCases.TC01_AccountRegistrationTest -->
