<?xml version="1.0" encoding="UTF-8"?>
<!-- Generated by org.testng.reporters.JUnitReportReporter -->
<testsuite hostname="DESKTOP-MDUOTHM" failures="0" tests="1" name="testCases.Demo" time="0.062" errors="0" timestamp="2023-06-26T15:19:55 AST" skipped="0">
  <testcase classname="testCases.Demo" name="addtocart" time="0.062"/>
  <system-out/>
</testsuite> <!-- testCases.Demo -->
