<?xml version="1.0" encoding="UTF-8"?>
<!-- Generated by org.testng.reporters.JUnitReportReporter -->
<testsuite hostname="DESKTOP-MDUOTHM" failures="0" tests="1" name="testCases.TC02_LoginTest" time="34.251" errors="0" timestamp="2023-06-22T14:26:24 AST" skipped="0">
  <testcase classname="testCases.TC02_LoginTest" name="test_Login" time="34.251"/>
</testsuite> <!-- testCases.TC02_LoginTest -->
