<?xml version="1.0" encoding="UTF-8"?>
<!-- Generated by org.testng.reporters.JUnitReportReporter -->
<testsuite hostname="DESKTOP-MDUOTHM" failures="0" tests="6" name="testCases.TC03_LoginDataDrivenTest" time="113.255" errors="0" timestamp="2023-06-21T14:32:01 AST" skipped="0">
  <testcase classname="testCases.TC03_LoginDataDrivenTest" name="test_LoginDD" time="21.814"/>
  <testcase classname="testCases.TC03_LoginDataDrivenTest" name="test_LoginDD" time="22.089"/>
  <testcase classname="testCases.TC03_LoginDataDrivenTest" name="test_LoginDD" time="5.522"/>
  <testcase classname="testCases.TC03_LoginDataDrivenTest" name="test_LoginDD" time="14.670"/>
  <testcase classname="testCases.TC03_LoginDataDrivenTest" name="test_LoginDD" time="25.583"/>
  <testcase classname="testCases.TC03_LoginDataDrivenTest" name="test_LoginDD" time="23.577"/>
</testsuite> <!-- testCases.TC03_LoginDataDrivenTest -->
