<?xml version="1.0" encoding="UTF-8"?>
<!-- Generated by org.testng.reporters.JUnitReportReporter -->
<testsuite hostname="DESKTOP-MDUOTHM" failures="0" tests="1" name="testCases.TC02_LoginTest" time="16.788" errors="0" timestamp="2023-06-22T13:44:00 AST" skipped="0">
  <testcase classname="testCases.TC02_LoginTest" name="test_Login" time="16.788"/>
</testsuite> <!-- testCases.TC02_LoginTest -->
